<?xml version="1.0" encoding="UTF-8"?>
<!-- Generated by org.testng.reporters.JUnitReportReporter -->
<testsuite hostname="DESKTOP-ACUQNDS" failures="0" tests="3" name="cucumber.LoginRunner" time="18.563" errors="1" timestamp="11 Apr 2023 02:11:53 GMT" skipped="0">
  <testcase classname="cucumber.LoginRunner" name="runScenario" time="0.022"/>
  <testcase classname="cucumber.LoginRunner" name="runScenario" time="0.069"/>
  <testcase classname="cucumber.LoginRunner" name="runScenario" time="18.472">
    <error message="Unable to establish websocket connection to http://localhost:51234/devtools/browser/66eb2d24-e8d7-4a3e-8b1b-5a79d281a821
Build info: version: &#039;4.0.0&#039;, revision: &#039;3a21814679&#039;
System info: host: &#039;DESKTOP-ACUQNDS&#039;, ip: &#039;192.168.1.6&#039;, os.name: &#039;Windows 10&#039;, os.arch: &#039;amd64&#039;, os.version: &#039;10.0&#039;, java.version: &#039;16.0.2&#039;
Driver info: driver.version: ChromeDriver" type="org.openqa.selenium.remote.http.ConnectionFailedException">
      <![CDATA[org.openqa.selenium.remote.http.ConnectionFailedException: Unable to establish websocket connection to http://localhost:51234/devtools/browser/66eb2d24-e8d7-4a3e-8b1b-5a79d281a821
Build info: version: '4.0.0', revision: '3a21814679'
System info: host: 'DESKTOP-ACUQNDS', ip: '192.168.1.6', os.name: 'Windows 10', os.arch: 'amd64', os.version: '10.0', java.version: '16.0.2'
Driver info: driver.version: ChromeDriver
at org.openqa.selenium.remote.http.netty.NettyWebSocket.<init>(NettyWebSocket.java:104)
at org.openqa.selenium.remote.http.netty.NettyWebSocket.lambda$create$3(NettyWebSocket.java:137)
at org.openqa.selenium.remote.http.netty.NettyClient.openSocket(NettyClient.java:127)
at org.openqa.selenium.devtools.Connection.<init>(Connection.java:77)
at org.openqa.selenium.chromium.ChromiumDriver.lambda$new$2(ChromiumDriver.java:124)
at java.base/java.util.Optional.map(Optional.java:260)
at org.openqa.selenium.chromium.ChromiumDriver.<init>(ChromiumDriver.java:122)
at org.openqa.selenium.chrome.ChromeDriver.<init>(ChromeDriver.java:104)
at org.openqa.selenium.chrome.ChromeDriver.<init>(ChromeDriver.java:91)
at org.openqa.selenium.chrome.ChromeDriver.<init>(ChromeDriver.java:46)
at cucumber.LoginStepdefeinition.click_on_the_chromebrowser_and_enter_url_of_orange_hrm(LoginStepdefeinition.java:20)
at âœ½.Click on the Chromebrowser and Enter URL of Orange HRM(file:///D:/SELENIUM%20DOCUMENTS/SeleniumLearning-master/SeleniumPracticse/src/main/java/cucumber/Login.feature:4)
]]>
    </error>
  </testcase> <!-- runScenario -->
</testsuite> <!-- cucumber.LoginRunner -->
